<?xml version="1.0" encoding="UTF-8"?>
<!-- Generated by org.testng.reporters.JUnitXMLReporter -->
<testsuite hostname="LAPTOP-HM366M2I" failures="0" tests="2" name="Validating Title on Homepage" time="24.565" errors="0" timestamp="12 Jun 2020 16:58:09 GMT">
  <testcase classname="Shalaka1.E2EProject.ValidateTitle" name="ValidateAppTitle" time="10.83"/>
  <testcase classname="Shalaka1.E2EProject.ValidateTitle" name="ValidateAppHeader" time="0.034"/>
</testsuite> <!-- Validating Title on Homepage -->
