<?xml version="1.0" encoding="UTF-8"?>
<!-- Generated by org.testng.reporters.JUnitXMLReporter -->
<testsuite hostname="LAPTOP-HM366M2I" failures="0" tests="2" name="Validation of login with credentials" time="65.649" errors="0" timestamp="4 Jun 2020 18:12:44 GMT">
  <testcase classname="Shalaka1.E2EProject.HomePage" name="basePageNavigation" time="30.886"/>
  <testcase classname="Shalaka1.E2EProject.HomePage" name="basePageNavigation" time="28.695"/>
</testsuite> <!-- Validation of login with credentials -->
