<?xml version="1.0" encoding="UTF-8"?>
<!-- Generated by org.testng.reporters.JUnitXMLReporter -->
<testsuite hostname="LAPTOP-HM366M2I" failures="0" tests="2" name="Validating Title on Homepage" time="35.406" errors="0" timestamp="4 Jun 2020 18:12:13 GMT">
  <testcase classname="Shalaka1.E2EProject.ValidateTitle" name="ValidateAppTitle" time="13.507"/>
  <testcase classname="Shalaka1.E2EProject.ValidateTitle" name="ValidateAppHeader" time="0.032"/>
</testsuite> <!-- Validating Title on Homepage -->
